<?xml version="1.0" encoding="UTF-8"?>
<testng-results ignored="0" total="1" passed="1" failed="0" skipped="0">
  <reporter-output>
  </reporter-output>
  <suite started-at="2024-12-04T11:45:41 IST" name="Surefire suite" finished-at="2024-12-04T11:46:10 IST" duration-ms="29105">
    <groups>
    </groups>
    <test started-at="2024-12-04T11:45:41 IST" name="Surefire test" finished-at="2024-12-04T11:46:10 IST" duration-ms="29105">
      <class name="Module1_Login_Test.SwagLabLoginTest">
        <test-method is-config="true" signature="openBrowser()[pri:0, instance:Module1_Login_Test.SwagLabLoginTest@7133da86]" started-at="2024-12-04T11:45:41 IST" name="openBrowser" finished-at="2024-12-04T11:45:53 IST" duration-ms="11967" status="PASS">
          <reporter-output>
          </reporter-output>
        </test-method> <!-- openBrowser -->
        <test-method is-config="true" signature="loginToApp()[pri:0, instance:Module1_Login_Test.SwagLabLoginTest@7133da86]" started-at="2024-12-04T11:45:53 IST" name="loginToApp" finished-at="2024-12-04T11:45:56 IST" duration-ms="2584" status="PASS">
          <reporter-output>
          </reporter-output>
        </test-method> <!-- loginToApp -->
        <test-method signature="verifyLogoText()[pri:0, instance:Module1_Login_Test.SwagLabLoginTest@7133da86]" started-at="2024-12-04T11:45:56 IST" name="verifyLogoText" finished-at="2024-12-04T11:46:04 IST" duration-ms="8050" status="PASS">
          <reporter-output>
          </reporter-output>
        </test-method> <!-- verifyLogoText -->
        <test-method is-config="true" signature="logoutFromApp(org.testng.ITestResult)[pri:0, instance:Module1_Login_Test.SwagLabLoginTest@7133da86]" started-at="2024-12-04T11:46:04 IST" name="logoutFromApp" finished-at="2024-12-04T11:46:08 IST" duration-ms="4464" status="PASS">
          <params>
            <param index="0">
              <value>
                <![CDATA[[TestResult name=verifyLogoText status=SUCCESS method=SwagLabLoginTest.verifyLogoText()[pri:0, instance:Module1_Login_Test.SwagLabLoginTest@7133da86] output={null}]]]>
              </value>
            </param>
          </params>
          <reporter-output>
          </reporter-output>
        </test-method> <!-- logoutFromApp -->
        <test-method is-config="true" signature="closeBrowser()[pri:0, instance:Module1_Login_Test.SwagLabLoginTest@7133da86]" started-at="2024-12-04T11:46:08 IST" name="closeBrowser" finished-at="2024-12-04T11:46:10 IST" duration-ms="1929" status="PASS">
          <reporter-output>
          </reporter-output>
        </test-method> <!-- closeBrowser -->
      </class> <!-- Module1_Login_Test.SwagLabLoginTest -->
    </test> <!-- Surefire test -->
  </suite> <!-- Surefire suite -->
</testng-results>
