<?xml version="1.0" encoding="UTF-8"?>
<testng-results ignored="0" total="1" passed="1" failed="0" skipped="0">
  <reporter-output>
  </reporter-output>
  <suite started-at="2024-11-27T08:37:03 IST" name="Suite" finished-at="2024-11-27T08:37:15 IST" duration-ms="11538">
    <groups>
    </groups>
    <test started-at="2024-11-27T08:37:03 IST" name="Test" finished-at="2024-11-27T08:37:15 IST" duration-ms="11538">
      <class name="Module1_Login_Test.SwagLabLoginTest">
        <test-method is-config="true" signature="openBrowser()[pri:0, instance:Module1_Login_Test.SwagLabLoginTest@30c15d8b]" started-at="2024-11-27T08:37:03 IST" name="openBrowser" finished-at="2024-11-27T08:37:06 IST" duration-ms="2326" status="PASS">
          <reporter-output>
          </reporter-output>
        </test-method> <!-- openBrowser -->
        <test-method is-config="true" signature="loginToApp()[pri:0, instance:Module1_Login_Test.SwagLabLoginTest@30c15d8b]" started-at="2024-11-27T08:37:06 IST" name="loginToApp" finished-at="2024-11-27T08:37:08 IST" duration-ms="2356" status="PASS">
          <reporter-output>
          </reporter-output>
        </test-method> <!-- loginToApp -->
        <test-method signature="verifyLogoText()[pri:0, instance:Module1_Login_Test.SwagLabLoginTest@30c15d8b]" started-at="2024-11-27T08:37:08 IST" name="verifyLogoText" finished-at="2024-11-27T08:37:11 IST" duration-ms="2537" status="PASS">
          <reporter-output>
          </reporter-output>
        </test-method> <!-- verifyLogoText -->
        <test-method is-config="true" signature="logoutFromApp(org.testng.ITestResult)[pri:0, instance:Module1_Login_Test.SwagLabLoginTest@30c15d8b]" started-at="2024-11-27T08:37:11 IST" name="logoutFromApp" finished-at="2024-11-27T08:37:15 IST" duration-ms="4123" status="PASS">
          <params>
            <param index="0">
              <value>
                <![CDATA[[TestResult name=verifyLogoText status=SUCCESS method=SwagLabLoginTest.verifyLogoText()[pri:0, instance:Module1_Login_Test.SwagLabLoginTest@30c15d8b] output={null}]]]>
              </value>
            </param>
          </params>
          <reporter-output>
          </reporter-output>
        </test-method> <!-- logoutFromApp -->
        <test-method is-config="true" signature="closeBrowser()[pri:0, instance:Module1_Login_Test.SwagLabLoginTest@30c15d8b]" started-at="2024-11-27T08:37:15 IST" name="closeBrowser" finished-at="2024-11-27T08:37:15 IST" duration-ms="166" status="PASS">
          <reporter-output>
          </reporter-output>
        </test-method> <!-- closeBrowser -->
      </class> <!-- Module1_Login_Test.SwagLabLoginTest -->
    </test> <!-- Test -->
  </suite> <!-- Suite -->
</testng-results>
